ď»ż
> orbery@0.1.0 build
> next build

Î“Ă»â–“ Next.js 16.1.6 (Turbopack)
- Environments: .env.local

  Creating an optimized production build ...
Î“ÂŁĂ´ Compiled successfully in 7.8s
  Running TypeScript ...
  Collecting page data using 15 workers ...
  Generating static pages using 15 workers (0/14) ...
  Generating static pages using 15 workers (3/14) 
  Generating static pages using 15 workers (6/14) 
  Generating static pages using 15 workers (10/14) 
LOGIN PAGE MOUNTED - V2
Î“ÂŁĂ´ Generating static pages using 15 workers (14/14) in 384.7ms
  Finalizing page optimization ...

Route (app)
Î“Ă¶Ă® Î“ĂąĂŻ /
Î“Ă¶ÂŁ Î“ĂąĂŻ /_not-found
Î“Ă¶ÂŁ â•žĂ† /admin/map
Î“Ă¶ÂŁ â•žĂ† /admin/master
Î“Ă¶ÂŁ â•žĂ† /admin/master/brands
Î“Ă¶ÂŁ â•žĂ† /admin/master/brands/[id]/prices
Î“Ă¶ÂŁ â•žĂ† /admin/master/outlets
Î“Ă¶ÂŁ â•žĂ† /admin/master/products
Î“Ă¶ÂŁ â•žĂ† /admin/master/stock
Î“Ă¶ÂŁ â•žĂ† /admin/master/telegram
Î“Ă¶ÂŁ â•žĂ† /admin/receiving
Î“Ă¶ÂŁ â•žĂ† /admin/users
Î“Ă¶ÂŁ â•žĂ† /api/auth/[...all]
Î“Ă¶ÂŁ â•žĂ† /api/init
Î“Ă¶ÂŁ â•žĂ† /api/products
Î“Ă¶ÂŁ â•žĂ† /api/seed
Î“Ă¶ÂŁ â•žĂ† /api/stock
Î“Ă¶ÂŁ â•žĂ† /cashier
Î“Ă¶ÂŁ â•žĂ† /dashboard
Î“Ă¶ÂŁ Î“ĂąĂŻ /icon.png
Î“Ă¶ÂŁ Î“ĂąĂŻ /login
Î“Ă¶ÂŁ Î“ĂąĂŻ /manifest.webmanifest
Î“Ă¶ÂŁ â•žĂ† /order
Î“Ă¶Ă¶ â•žĂ† /order/[id]


â•žĂ† Proxy (Middleware)

Î“ĂąĂŻ  (Static)   prerendered as static content
â•žĂ†  (Dynamic)  server-rendered on demand

